<?xml version="1.0" encoding="UTF-8"?>
<!-- Generated by org.testng.reporters.JUnitReportReporter -->
<testsuite hostname="Asus_Deepak" failures="0" tests="9" name="tests.SampleApiTest" time="8.497" errors="0" timestamp="2025-07-01T21:01:09 IST" skipped="0">
  <testcase classname="tests.SampleApiTest" name="createPost" time="2.576"/>
  <testcase classname="tests.SampleApiTest" name="deleteNonExistingPost" time="0.711"/>
  <testcase classname="tests.SampleApiTest" name="getPostWithInvalidId" time="0.573"/>
  <testcase classname="tests.SampleApiTest" name="validateHeaders" time="0.598"/>
  <testcase classname="tests.SampleApiTest" name="createPostWithInvalidData" time="0.582"/>
  <testcase classname="tests.SampleApiTest" name="deletePost" time="0.693"/>
  <testcase classname="tests.SampleApiTest" name="validateStatusCode" time="0.684"/>
  <testcase classname="tests.SampleApiTest" name="updatePost" time="1.452"/>
  <testcase classname="tests.SampleApiTest" name="validateJsonBody" time="0.628"/>
</testsuite> <!-- tests.SampleApiTest -->
