<?xml version="1.0" encoding="UTF-8"?>
<!-- Generated by org.testng.reporters.JUnitReportReporter -->
<testsuite hostname="Asus_Deepak" failures="0" tests="9" name="tests.SampleApiTest" time="8.952" errors="0" timestamp="2025-07-01T21:23:39 IST" skipped="0">
  <testcase classname="tests.SampleApiTest" name="deleteNonExistingPost" time="1.060"/>
  <testcase classname="tests.SampleApiTest" name="createPost" time="2.448"/>
  <testcase classname="tests.SampleApiTest" name="deletePost" time="0.709"/>
  <testcase classname="tests.SampleApiTest" name="getPostWithInvalidId" time="0.658"/>
  <testcase classname="tests.SampleApiTest" name="validateHeaders" time="0.490"/>
  <testcase classname="tests.SampleApiTest" name="validateJsonBody" time="0.617"/>
  <testcase classname="tests.SampleApiTest" name="validateStatusCode" time="0.605"/>
  <testcase classname="tests.SampleApiTest" name="createPostWithInvalidData" time="0.747"/>
  <testcase classname="tests.SampleApiTest" name="updatePost" time="1.618"/>
</testsuite> <!-- tests.SampleApiTest -->
