<?xml version="1.0" encoding="UTF-8"?>
<!-- Generated by org.testng.reporters.JUnitReportReporter -->
<testsuite hostname="Asus_Deepak" failures="0" tests="9" name="tests.SampleApiTest" time="8.750" errors="0" timestamp="2025-07-01T21:24:54 IST" skipped="0">
  <testcase classname="tests.SampleApiTest" name="createPost" time="2.471"/>
  <testcase classname="tests.SampleApiTest" name="deleteNonExistingPost" time="0.653"/>
  <testcase classname="tests.SampleApiTest" name="getPostWithInvalidId" time="0.512"/>
  <testcase classname="tests.SampleApiTest" name="validateHeaders" time="0.498"/>
  <testcase classname="tests.SampleApiTest" name="createPostWithInvalidData" time="0.959"/>
  <testcase classname="tests.SampleApiTest" name="deletePost" time="0.784"/>
  <testcase classname="tests.SampleApiTest" name="validateStatusCode" time="0.600"/>
  <testcase classname="tests.SampleApiTest" name="validateJsonBody" time="0.661"/>
  <testcase classname="tests.SampleApiTest" name="updatePost" time="1.612"/>
</testsuite> <!-- tests.SampleApiTest -->
